<?xml version="1.0" encoding="UTF-8"?>
<!-- Generated by org.testng.reporters.JUnitXMLReporter -->
<testsuite hostname="DESKTOP-DCTILRE" ignored="0" name="Command line test" tests="12" failures="0" timestamp="05 sty 2019 11:29:59 GMT" time="68.571" errors="0">
  <testcase name="googleTest" time="11.232" classname="com.testautomationguru.container.test.OrderTest"/>
  <testcase name="googleTest" time="4.896" classname="com.testautomationguru.container.test.OrderTest"/>
  <testcase name="googleTest" time="5.46" classname="com.testautomationguru.container.test.OrderTest"/>
  <testcase name="googleTest" time="6.249" classname="com.testautomationguru.container.test.OrderTest"/>
  <testcase name="googleTest" time="6.302" classname="com.testautomationguru.container.test.OrderTest"/>
  <testcase name="googleTest" time="5.402" classname="com.testautomationguru.container.test.OrderTest"/>
  <testcase name="googleTest" time="6.48" classname="com.testautomationguru.container.test.OrderTest"/>
  <testcase name="googleTest" time="3.486" classname="com.testautomationguru.container.test.OrderTest"/>
  <testcase name="googleTest" time="4.543" classname="com.testautomationguru.container.test.OrderTest"/>
  <testcase name="googleTest" time="4.605" classname="com.testautomationguru.container.test.OrderTest"/>
  <testcase name="googleTest" time="4.13" classname="com.testautomationguru.container.test.OrderTest"/>
  <testcase name="googleTest" time="3.765" classname="com.testautomationguru.container.test.OrderTest"/>
</testsuite> <!-- Command line test -->
